[0423/141704.467:INFO:CONSOLE:6] "[cycle2] --c2 init--", source: https://drmro.com/data/skin/front/moment_dasan_renew/wib/js/jquery.cycle2.min.js (6)
[0423/141704.467:INFO:CONSOLE:6] "[cycle2] pagerEvent: mouseover (string)", source: https://drmro.com/data/skin/front/moment_dasan_renew/wib/js/jquery.cycle2.min.js (6)
[0423/141704.467:INFO:CONSOLE:6] "[cycle2] pagerTemplate:  (string)", source: https://drmro.com/data/skin/front/moment_dasan_renew/wib/js/jquery.cycle2.min.js (6)
[0423/141704.467:INFO:CONSOLE:6] "[cycle2] pager: .prd-pager (string)", source: https://drmro.com/data/skin/front/moment_dasan_renew/wib/js/jquery.cycle2.min.js (6)
[0423/141704.468:INFO:CONSOLE:6] "[cycle2] slides: > li (string)", source: https://drmro.com/data/skin/front/moment_dasan_renew/wib/js/jquery.cycle2.min.js (6)
[0423/141704.471:INFO:CONSOLE:6] "[cycle2] timeout: 4000 (number)", source: https://drmro.com/data/skin/front/moment_dasan_renew/wib/js/jquery.cycle2.min.js (6)
[0423/141704.471:INFO:CONSOLE:6] "[cycle2] --c2 init--", source: https://drmro.com/data/skin/front/moment_dasan_renew/wib/js/jquery.cycle2.min.js (6)
[0423/141704.471:INFO:CONSOLE:6] "[cycle2] pagerEvent: mouseover (string)", source: https://drmro.com/data/skin/front/moment_dasan_renew/wib/js/jquery.cycle2.min.js (6)
[0423/141704.471:INFO:CONSOLE:6] "[cycle2] pagerTemplate: <a href='#'> {} </a> (string)", source: https://drmro.com/data/skin/front/moment_dasan_renew/wib/js/jquery.cycle2.min.js (6)
[0423/141704.471:INFO:CONSOLE:6] "[cycle2] pager: .video-pager (string)", source: https://drmro.com/data/skin/front/moment_dasan_renew/wib/js/jquery.cycle2.min.js (6)
[0423/141704.472:INFO:CONSOLE:6] "[cycle2] slides: > li (string)", source: https://drmro.com/data/skin/front/moment_dasan_renew/wib/js/jquery.cycle2.min.js (6)
[0423/141704.472:INFO:CONSOLE:6] "[cycle2] timeout: 0 (number)", source: https://drmro.com/data/skin/front/moment_dasan_renew/wib/js/jquery.cycle2.min.js (6)
[0423/141704.518:INFO:CONSOLE:6] "[cycle2] --c2 init--", source: https://drmro.com/data/skin/front/moment_dasan_renew/wib/js/jquery.cycle2.min.js (6)
[0423/141704.518:INFO:CONSOLE:6] "[cycle2] pagerEvent: mouseover (string)", source: https://drmro.com/data/skin/front/moment_dasan_renew/wib/js/jquery.cycle2.min.js (6)
[0423/141704.518:INFO:CONSOLE:6] "[cycle2] slides: > ul (string)", source: https://drmro.com/data/skin/front/moment_dasan_renew/wib/js/jquery.cycle2.min.js (6)
[0423/141704.518:INFO:CONSOLE:6] "[cycle2] timeout: 0 (number)", source: https://drmro.com/data/skin/front/moment_dasan_renew/wib/js/jquery.cycle2.min.js (6)
[0423/141704.522:INFO:CONSOLE:6] "[cycle2] --c2 init--", source: https://drmro.com/data/skin/front/moment_dasan_renew/wib/js/jquery.cycle2.min.js (6)
[0423/141704.522:INFO:CONSOLE:6] "[cycle2] pagerEvent: mouseover (string)", source: https://drmro.com/data/skin/front/moment_dasan_renew/wib/js/jquery.cycle2.min.js (6)
[0423/141704.522:INFO:CONSOLE:6] "[cycle2] slides: > ul (string)", source: https://drmro.com/data/skin/front/moment_dasan_renew/wib/js/jquery.cycle2.min.js (6)
[0423/141704.522:INFO:CONSOLE:6] "[cycle2] timeout: 0 (number)", source: https://drmro.com/data/skin/front/moment_dasan_renew/wib/js/jquery.cycle2.min.js (6)
[0423/141704.525:INFO:CONSOLE:6] "[cycle2] --c2 init--", source: https://drmro.com/data/skin/front/moment_dasan_renew/wib/js/jquery.cycle2.min.js (6)
[0423/141704.525:INFO:CONSOLE:6] "[cycle2] pagerEvent: mouseover (string)", source: https://drmro.com/data/skin/front/moment_dasan_renew/wib/js/jquery.cycle2.min.js (6)
[0423/141704.525:INFO:CONSOLE:6] "[cycle2] slides: > ul (string)", source: https://drmro.com/data/skin/front/moment_dasan_renew/wib/js/jquery.cycle2.min.js (6)
[0423/141704.525:INFO:CONSOLE:6] "[cycle2] timeout: 0 (number)", source: https://drmro.com/data/skin/front/moment_dasan_renew/wib/js/jquery.cycle2.min.js (6)
[0423/141704.528:INFO:CONSOLE:6] "[cycle2] --c2 init--", source: https://drmro.com/data/skin/front/moment_dasan_renew/wib/js/jquery.cycle2.min.js (6)
[0423/141704.528:INFO:CONSOLE:6] "[cycle2] pagerEvent: mouseover (string)", source: https://drmro.com/data/skin/front/moment_dasan_renew/wib/js/jquery.cycle2.min.js (6)
[0423/141704.529:INFO:CONSOLE:6] "[cycle2] slides: > ul (string)", source: https://drmro.com/data/skin/front/moment_dasan_renew/wib/js/jquery.cycle2.min.js (6)
[0423/141704.529:INFO:CONSOLE:6] "[cycle2] timeout: 0 (number)", source: https://drmro.com/data/skin/front/moment_dasan_renew/wib/js/jquery.cycle2.min.js (6)
[0423/141704.530:INFO:CONSOLE:6] "[cycle2] --c2 init--", source: https://drmro.com/data/skin/front/moment_dasan_renew/wib/js/jquery.cycle2.min.js (6)
[0423/141704.530:INFO:CONSOLE:6] "[cycle2] pagerEvent: mouseover (string)", source: https://drmro.com/data/skin/front/moment_dasan_renew/wib/js/jquery.cycle2.min.js (6)
[0423/141704.530:INFO:CONSOLE:6] "[cycle2] slides: > ul (string)", source: https://drmro.com/data/skin/front/moment_dasan_renew/wib/js/jquery.cycle2.min.js (6)
[0423/141704.530:INFO:CONSOLE:6] "[cycle2] timeout: 0 (number)", source: https://drmro.com/data/skin/front/moment_dasan_renew/wib/js/jquery.cycle2.min.js (6)
[0423/141706.643:INFO:CONSOLE:17410] "onPlayerReady 실행", source: https://drmro.com/main/index.php (17410)
[0423/141707.817:INFO:CONSOLE:6] "[cycle2] --c2 init--", source: https://drmro.com/data/skin/front/moment_dasan_renew/wib/js/jquery.cycle2.min.js (6)
[0423/141707.817:INFO:CONSOLE:6] "[cycle2] pagerEvent: mouseover (string)", source: https://drmro.com/data/skin/front/moment_dasan_renew/wib/js/jquery.cycle2.min.js (6)
[0423/141707.817:INFO:CONSOLE:6] "[cycle2] pagerTemplate:  (string)", source: https://drmro.com/data/skin/front/moment_dasan_renew/wib/js/jquery.cycle2.min.js (6)
[0423/141707.817:INFO:CONSOLE:6] "[cycle2] pager: .prd-pager (string)", source: https://drmro.com/data/skin/front/moment_dasan_renew/wib/js/jquery.cycle2.min.js (6)
[0423/141707.817:INFO:CONSOLE:6] "[cycle2] slides: > li (string)", source: https://drmro.com/data/skin/front/moment_dasan_renew/wib/js/jquery.cycle2.min.js (6)
[0423/141707.817:INFO:CONSOLE:6] "[cycle2] timeout: 4000 (number)", source: https://drmro.com/data/skin/front/moment_dasan_renew/wib/js/jquery.cycle2.min.js (6)
[0423/141707.821:INFO:CONSOLE:6] "[cycle2] --c2 init--", source: https://drmro.com/data/skin/front/moment_dasan_renew/wib/js/jquery.cycle2.min.js (6)
[0423/141707.822:INFO:CONSOLE:6] "[cycle2] pagerEvent: mouseover (string)", source: https://drmro.com/data/skin/front/moment_dasan_renew/wib/js/jquery.cycle2.min.js (6)
[0423/141707.822:INFO:CONSOLE:6] "[cycle2] pagerTemplate: <a href='#'> {} </a> (string)", source: https://drmro.com/data/skin/front/moment_dasan_renew/wib/js/jquery.cycle2.min.js (6)
[0423/141707.822:INFO:CONSOLE:6] "[cycle2] pager: .video-pager (string)", source: https://drmro.com/data/skin/front/moment_dasan_renew/wib/js/jquery.cycle2.min.js (6)
[0423/141707.822:INFO:CONSOLE:6] "[cycle2] slides: > li (string)", source: https://drmro.com/data/skin/front/moment_dasan_renew/wib/js/jquery.cycle2.min.js (6)
[0423/141707.822:INFO:CONSOLE:6] "[cycle2] timeout: 0 (number)", source: https://drmro.com/data/skin/front/moment_dasan_renew/wib/js/jquery.cycle2.min.js (6)
[0423/141707.883:INFO:CONSOLE:6] "[cycle2] --c2 init--", source: https://drmro.com/data/skin/front/moment_dasan_renew/wib/js/jquery.cycle2.min.js (6)
[0423/141707.883:INFO:CONSOLE:6] "[cycle2] pagerEvent: mouseover (string)", source: https://drmro.com/data/skin/front/moment_dasan_renew/wib/js/jquery.cycle2.min.js (6)
[0423/141707.883:INFO:CONSOLE:6] "[cycle2] slides: > ul (string)", source: https://drmro.com/data/skin/front/moment_dasan_renew/wib/js/jquery.cycle2.min.js (6)
[0423/141707.883:INFO:CONSOLE:6] "[cycle2] timeout: 0 (number)", source: https://drmro.com/data/skin/front/moment_dasan_renew/wib/js/jquery.cycle2.min.js (6)
[0423/141707.888:INFO:CONSOLE:6] "[cycle2] --c2 init--", source: https://drmro.com/data/skin/front/moment_dasan_renew/wib/js/jquery.cycle2.min.js (6)
[0423/141707.888:INFO:CONSOLE:6] "[cycle2] pagerEvent: mouseover (string)", source: https://drmro.com/data/skin/front/moment_dasan_renew/wib/js/jquery.cycle2.min.js (6)
[0423/141707.888:INFO:CONSOLE:6] "[cycle2] slides: > ul (string)", source: https://drmro.com/data/skin/front/moment_dasan_renew/wib/js/jquery.cycle2.min.js (6)
[0423/141707.888:INFO:CONSOLE:6] "[cycle2] timeout: 0 (number)", source: https://drmro.com/data/skin/front/moment_dasan_renew/wib/js/jquery.cycle2.min.js (6)
[0423/141707.891:INFO:CONSOLE:6] "[cycle2] --c2 init--", source: https://drmro.com/data/skin/front/moment_dasan_renew/wib/js/jquery.cycle2.min.js (6)
[0423/141707.891:INFO:CONSOLE:6] "[cycle2] pagerEvent: mouseover (string)", source: https://drmro.com/data/skin/front/moment_dasan_renew/wib/js/jquery.cycle2.min.js (6)
[0423/141707.891:INFO:CONSOLE:6] "[cycle2] slides: > ul (string)", source: https://drmro.com/data/skin/front/moment_dasan_renew/wib/js/jquery.cycle2.min.js (6)
[0423/141707.891:INFO:CONSOLE:6] "[cycle2] timeout: 0 (number)", source: https://drmro.com/data/skin/front/moment_dasan_renew/wib/js/jquery.cycle2.min.js (6)
[0423/141707.895:INFO:CONSOLE:6] "[cycle2] --c2 init--", source: https://drmro.com/data/skin/front/moment_dasan_renew/wib/js/jquery.cycle2.min.js (6)
[0423/141707.895:INFO:CONSOLE:6] "[cycle2] pagerEvent: mouseover (string)", source: https://drmro.com/data/skin/front/moment_dasan_renew/wib/js/jquery.cycle2.min.js (6)
[0423/141707.895:INFO:CONSOLE:6] "[cycle2] slides: > ul (string)", source: https://drmro.com/data/skin/front/moment_dasan_renew/wib/js/jquery.cycle2.min.js (6)
[0423/141707.895:INFO:CONSOLE:6] "[cycle2] timeout: 0 (number)", source: https://drmro.com/data/skin/front/moment_dasan_renew/wib/js/jquery.cycle2.min.js (6)
[0423/141707.896:INFO:CONSOLE:6] "[cycle2] --c2 init--", source: https://drmro.com/data/skin/front/moment_dasan_renew/wib/js/jquery.cycle2.min.js (6)
[0423/141707.896:INFO:CONSOLE:6] "[cycle2] pagerEvent: mouseover (string)", source: https://drmro.com/data/skin/front/moment_dasan_renew/wib/js/jquery.cycle2.min.js (6)
[0423/141707.896:INFO:CONSOLE:6] "[cycle2] slides: > ul (string)", source: https://drmro.com/data/skin/front/moment_dasan_renew/wib/js/jquery.cycle2.min.js (6)
[0423/141707.896:INFO:CONSOLE:6] "[cycle2] timeout: 0 (number)", source: https://drmro.com/data/skin/front/moment_dasan_renew/wib/js/jquery.cycle2.min.js (6)
